[debug] > Exec(early(addDefaultCommands), None, None)
[debug] > Exec(addDefaultCommands, None, None)
[debug] > Exec(early(initialize), None, None)
[debug] > Exec(initialize, None, None)
[debug] > Exec(boot, None, None)
[debug] > Exec(writeSbtVersion, None, None)
[debug] > Exec(reload, None, None)
[debug] > Exec(sbtStashOnFailure, None, None)
[debug] > Exec(onFailure loadFailed, None, None)
[debug] > Exec(loadp, None, None)
[info] welcome to sbt 1.4.1 (Oracle Corporation Java 13.0.2)
[debug]       Load.loadUnit: plugins took 194.813ms
[debug]       Load.loadUnit: defsScala took 0.3307ms
[debug] [Loading] Scanning directory C:\Users\aldie\.sbt\1.0\plugins
[debug] [Loading] Found non-root projects 
[debug] [Loading] Done in C:\Users\aldie\.sbt\1.0\plugins, returning: ()
[debug] deducing auto plugins based on known facts Set(Atom(sbt.plugins.CorePlugin)) and clauses Clauses(List(Clause(Atom(sbt.plugins.JvmPlugin),Set(Atom(sbt.plugins.IvyPlugin))), Clause(Atom(sbt.ScriptedPlugin),Set(Atom(sbt.plugins.JvmPlugin))), Clause(Atom(sbt.plugins.SbtPlugin),Set(Atom(sbt.ScriptedPlugin))), Clause(Atom(sbt.plugins.SemanticdbPlugin),Set(Atom(sbt.plugins.JvmPlugin))), Clause(Atom(sbt.plugins.JUnitXmlReportPlugin),Set(Atom(sbt.plugins.JvmPlugin))), Clause(Atom(sbt.plugins.MiniDependencyTreePlugin),Set(Atom(sbt.plugins.JvmPlugin))), Clause(Atom(sbt.plugins.CorePlugin),Set(Atom(sbt.plugins.IvyPlugin))), Clause(Atom(sbt.plugins.IvyPlugin),Set(Atom(sbt.plugins.JvmPlugin))), Clause(Atom(sbt.plugins.JvmPlugin),Set(Atom(sbt.plugins.SemanticdbPlugin))), Clause(Atom(sbt.plugins.JvmPlugin),Set(Atom(sbt.plugins.JUnitXmlReportPlugin))), Clause(Atom(sbt.plugins.CorePlugin),Set(Atom(sbt.plugins.Giter8TemplatePlugin))), Clause(Atom(sbt.plugins.JvmPlugin),Set(Atom(sbt.plugins.MiniDependencyTreePlugin)))))
[debug]   :: deduced result: Matched(sbt.plugins.CorePlugin,sbt.plugins.Giter8TemplatePlugin,sbt.plugins.IvyPlugin,sbt.plugins.JvmPlugin,sbt.plugins.MiniDependencyTreePlugin,sbt.plugins.JUnitXmlReportPlugin,sbt.plugins.SemanticdbPlugin)
[debug] Plugins.deducer#function took 28.719699 ms
[debug]           Load.resolveProject(global-plugins) took 74.007ms
[debug]         Load.loadTransitive: finalizeProject(Project(id global-plugins, base: C:\Users\aldie\.sbt\1.0\plugins, plugins: List(<none>))) took 136.1816ms
[debug] [Loading] Done in C:\Users\aldie\.sbt\1.0\plugins, returning: (global-plugins)
[debug]       Load.loadUnit: loadedProjectsRaw took 183.1433ms
[debug]       Load.loadUnit: cleanEvalClasses took 0.446899ms
[debug]     Load.loadUnit(file:/C:/Users/aldie/.sbt/1.0/plugins/, ...) took 396.702501ms
[debug]   Load.apply: load took 657.0018ms
[debug]   Load.apply: resolveProjects took 7.6558ms
[debug]   Load.apply: finalTransforms took 85.9251ms
[debug]   Load.apply: config.delegates took 8.2846ms
[debug]   Load.apply: Def.make(settings)... took 1959.613301ms
[debug]   Load.apply: structureIndex took 233.652301ms
[debug]   Load.apply: mkStreams took 1.7495ms
[info] loading global plugins from C:\Users\aldie\.sbt\1.0\plugins
[debug] Running task... Cancel: Signal, check cycles: false, forcegc: true
[debug] Load.defaultLoad until apply took 6015.513201ms
[debug]           Load.loadUnit: plugins took 31.2999ms
[debug]           Load.loadUnit: defsScala took 0.0056ms
[debug] [Loading] Scanning directory C:\Users\aldie\Documents\Git\Backend_Scala\Week8\project
[debug] [Loading] Found non-root projects 
[debug] [Loading] Done in C:\Users\aldie\Documents\Git\Backend_Scala\Week8\project, returning: ()
[debug] deducing auto plugins based on known facts Set(Atom(sbt.plugins.CorePlugin)) and clauses Clauses(List(Clause(Atom(sbt.plugins.JvmPlugin),Set(Atom(sbt.plugins.IvyPlugin))), Clause(Atom(sbt.ScriptedPlugin),Set(Atom(sbt.plugins.JvmPlugin))), Clause(Atom(sbt.plugins.SbtPlugin),Set(Atom(sbt.ScriptedPlugin))), Clause(Atom(sbt.plugins.SemanticdbPlugin),Set(Atom(sbt.plugins.JvmPlugin))), Clause(Atom(sbt.plugins.JUnitXmlReportPlugin),Set(Atom(sbt.plugins.JvmPlugin))), Clause(Atom(sbt.plugins.MiniDependencyTreePlugin),Set(Atom(sbt.plugins.JvmPlugin))), Clause(Atom(sbt.plugins.CorePlugin),Set(Atom(sbt.plugins.IvyPlugin))), Clause(Atom(sbt.plugins.IvyPlugin),Set(Atom(sbt.plugins.JvmPlugin))), Clause(Atom(sbt.plugins.JvmPlugin),Set(Atom(sbt.plugins.SemanticdbPlugin))), Clause(Atom(sbt.plugins.JvmPlugin),Set(Atom(sbt.plugins.JUnitXmlReportPlugin))), Clause(Atom(sbt.plugins.CorePlugin),Set(Atom(sbt.plugins.Giter8TemplatePlugin))), Clause(Atom(sbt.plugins.JvmPlugin),Set(Atom(sbt.plugins.MiniDependencyTreePlugin)))))
[debug]   :: deduced result: Matched(sbt.plugins.CorePlugin,sbt.plugins.Giter8TemplatePlugin,sbt.plugins.IvyPlugin,sbt.plugins.JvmPlugin,sbt.plugins.MiniDependencyTreePlugin,sbt.plugins.JUnitXmlReportPlugin,sbt.plugins.SemanticdbPlugin)
[debug] Plugins.deducer#function took 1.610499 ms
[debug]               Load.resolveProject(week8-build) took 1.412301ms
[debug]             Load.loadTransitive: finalizeProject(Project(id week8-build, base: C:\Users\aldie\Documents\Git\Backend_Scala\Week8\project, plugins: List(<none>))) took 3.6708ms
[debug] [Loading] Done in C:\Users\aldie\Documents\Git\Backend_Scala\Week8\project, returning: (week8-build)
[debug]           Load.loadUnit: loadedProjectsRaw took 5.6095ms
[debug]           Load.loadUnit: cleanEvalClasses took 0.0112ms
[debug]         Load.loadUnit(file:/C:/Users/aldie/Documents/Git/Backend_Scala/Week8/project/, ...) took 38.2715ms
[debug]       Load.apply: load took 39.793999ms
[debug]       Load.apply: resolveProjects took 0.1169ms
[debug]       Load.apply: finalTransforms took 8.246901ms
[debug]       Load.apply: config.delegates took 0.5125ms
[debug]       Load.apply: Def.make(settings)... took 88.3341ms
[debug]       Load.apply: structureIndex took 24.7425ms
[debug]       Load.apply: mkStreams took 0.002099ms
[info] loading project definition from C:\Users\aldie\Documents\Git\Backend_Scala\Week8\project
[debug] Running task... Cancel: Signal, check cycles: false, forcegc: true
[debug]     Load.loadUnit: plugins took 407.5949ms
[debug]     Load.loadUnit: defsScala took 0.0051ms
[debug] [Loading] Scanning directory C:\Users\aldie\Documents\Git\Backend_Scala\Week8
[debug]       Load.loadUnit: mkEval took 5.1817ms
